[debug] [2020-07-30T15:52:15.266Z] ----------------------------------------------------------------------
[debug] [2020-07-30T15:52:15.268Z] Command:       /home/blasse/.nvm/versions/node/v13.11.0/bin/node /home/blasse/.nvm/versions/node/v13.11.0/bin/firebase deploy
[debug] [2020-07-30T15:52:15.269Z] CLI Version:   8.6.0
[debug] [2020-07-30T15:52:15.269Z] Platform:      linux
[debug] [2020-07-30T15:52:15.269Z] Node Version:  v13.11.0
[debug] [2020-07-30T15:52:15.269Z] Time:          Thu Jul 30 2020 11:52:15 GMT-0400 (Eastern Daylight Time)
[debug] [2020-07-30T15:52:15.270Z] ----------------------------------------------------------------------
[debug] [2020-07-30T15:52:15.270Z] 
[debug] [2020-07-30T15:52:15.278Z] > command requires scopes: ["email","openid","https://www.googleapis.com/auth/cloudplatformprojects.readonly","https://www.googleapis.com/auth/firebase","https://www.googleapis.com/auth/cloud-platform"]
[debug] [2020-07-30T15:52:15.278Z] > authorizing via signed-in user
[debug] [2020-07-30T15:52:15.279Z] [iam] checking project movie-time-e1aff for permissions ["firebase.projects.get","firebasehosting.sites.update"]
[debug] [2020-07-30T15:52:15.281Z] >>> HTTP REQUEST POST https://cloudresourcemanager.googleapis.com/v1/projects/movie-time-e1aff:testIamPermissions  
 {"permissions":["firebase.projects.get","firebasehosting.sites.update"]}
[debug] [2020-07-30T15:52:15.693Z] <<< HTTP RESPONSE 200 {"content-type":"application/json; charset=UTF-8","vary":"X-Origin, Referer, Origin,Accept-Encoding","date":"Thu, 30 Jul 2020 15:52:15 GMT","server":"ESF","cache-control":"private","x-xss-protection":"0","x-frame-options":"SAMEORIGIN","x-content-type-options":"nosniff","server-timing":"gfet4t7; dur=210","alt-svc":"h3-29=\":443\"; ma=2592000,h3-27=\":443\"; ma=2592000,h3-T050=\":443\"; ma=2592000,h3-Q050=\":443\"; ma=2592000,h3-Q046=\":443\"; ma=2592000,h3-Q043=\":443\"; ma=2592000,quic=\":443\"; ma=2592000; v=\"46,43\"","accept-ranges":"none","transfer-encoding":"chunked"}
[debug] [2020-07-30T15:52:15.695Z] >>> HTTP REQUEST GET https://firebase.googleapis.com/v1beta1/projects/movie-time-e1aff  
 
[debug] [2020-07-30T15:52:37.343Z] Server Error. socket hang up
[debug] [2020-07-30T15:52:42.488Z] FirebaseError: Server Error. socket hang up
    at Request._callback (/home/blasse/.nvm/versions/node/v13.11.0/lib/node_modules/firebase-tools/lib/api.js:32:31)
    at self.callback (/home/blasse/.nvm/versions/node/v13.11.0/lib/node_modules/firebase-tools/node_modules/request/request.js:185:22)
    at Request.emit (events.js:315:20)
    at Request.EventEmitter.emit (domain.js:485:12)
    at Request.onRequestError (/home/blasse/.nvm/versions/node/v13.11.0/lib/node_modules/firebase-tools/node_modules/request/request.js:877:8)
    at ClientRequest.emit (events.js:327:22)
    at ClientRequest.EventEmitter.emit (domain.js:485:12)
    at TLSSocket.socketOnEnd (_http_client.js:463:9)
    at TLSSocket.emit (events.js:327:22)
    at TLSSocket.EventEmitter.emit (domain.js:485:12)
    at endReadableNT (_stream_readable.js:1201:12)
    at processTicksAndRejections (internal/process/task_queues.js:84:21)
[error] 
[error] Error: Failed to get Firebase project movie-time-e1aff. Please make sure the project exists and your account has permission to access it.
